<?xml version="1.0" encoding="UTF-8"?>
<!-- Generated by org.testng.reporters.JUnitReportReporter -->
<testsuite hostname="LAPTOP-G47TJSDB" failures="0" tests="1" name="testClass.ExecuteFirstPage" time="44.425" errors="0" timestamp="2024-11-22T15:40:22 IST" skipped="0">
  <testcase classname="testClass.ExecuteFirstPage" name="testValidData" time="44.425"/>
</testsuite> <!-- testClass.ExecuteFirstPage -->
